Build started 12-11-2017 23:48:07.
     1>Project "C:\Users\User\Documents\Visual Studio 2010\Projects\demo2\demo2\demo2.vcxproj" on node 2 (build target(s)).
     1>InitializeBuildStatus:
         Creating "Debug\demo2.unsuccessfulbuild" because "AlwaysCreate" was specified.
       ClCompile:
         C:\Program Files (x86)\Microsoft Visual Studio 10.0\VC\bin\CL.exe /c /I"C:\Users\User\Documents\Visual Studio 2010\Projects\demo2\glm" /Iglut/ /ZI /nologo /W3 /WX- /Od /Oy- /D _MBCS /Gm /EHsc /RTC1 /MDd /GS /fp:precise /Zc:wchar_t /Zc:forScope /Fo"Debug\\" /Fd"Debug\vc100.pdb" /Gd /TP /analyze- /errorReport:prompt glutgl.cpp
         glutgl.cpp
       Link:
         C:\Program Files (x86)\Microsoft Visual Studio 10.0\VC\bin\link.exe /ERRORREPORT:PROMPT /OUT:"C:\Users\User\Documents\Visual Studio 2010\Projects\demo2\Debug\demo2.exe" /NOLOGO /LIBPATH:glut/ glut32.lib kernel32.lib user32.lib gdi32.lib winspool.lib comdlg32.lib advapi32.lib shell32.lib ole32.lib oleaut32.lib uuid.lib odbc32.lib odbccp32.lib /MANIFEST /ManifestFile:"Debug\demo2.exe.intermediate.manifest" /MANIFESTUAC:"level='asInvoker' uiAccess='false'" /DEBUG /PDB:"C:\Users\User\Documents\Visual Studio 2010\Projects\demo2\Debug\demo2.pdb" /TLBID:1 /DYNAMICBASE /NXCOMPAT /IMPLIB:"C:\Users\User\Documents\Visual Studio 2010\Projects\demo2\Debug\demo2.lib" /MACHINE:X86 Debug\glutgl.obj
         Debug\Mparser.obj
         LINK : C:\Users\User\Documents\Visual Studio 2010\Projects\demo2\Debug\demo2.exe not found or not built by the last incremental link; performing full link
         demo2.vcxproj -> C:\Users\User\Documents\Visual Studio 2010\Projects\demo2\Debug\demo2.exe
       Manifest:
         C:\Program Files (x86)\Microsoft SDKs\Windows\v7.0A\bin\mt.exe /nologo /verbose /outputresource:"C:\Users\User\Documents\Visual Studio 2010\Projects\demo2\Debug\demo2.exe;#1" /manifest Debug\demo2.exe.intermediate.manifest
       FinalizeBuildStatus:
         Deleting file "Debug\demo2.unsuccessfulbuild".
         Touching "Debug\demo2.lastbuildstate".
     1>Done Building Project "C:\Users\User\Documents\Visual Studio 2010\Projects\demo2\demo2\demo2.vcxproj" (build target(s)).

Build succeeded.

Time Elapsed 00:00:03.04
